Build started 12/21/2015 8:16:26 PM.
     1>Project "C:\HAXLOL\RoboticArmTester\oonet\oonet\oonet.vcxproj" on node 2 (Build target(s)).
     1>ClCompile:
         C:\Program Files (x86)\Microsoft Visual Studio 14.0\VC\bin\CL.exe /c /ZI /nologo /W3 /WX- /sdl /Od /Oy- /D WIN32 /D _DEBUG /D _CONSOLE /D _UNICODE /D UNICODE /Gm /EHsc /RTC1 /MDd /GS /fp:precise /Zc:wchar_t /Zc:forScope /Zc:inline /Yu"stdafx.h" /Fp"Debug\oonet.pch" /Fo"Debug\\" /Fd"Debug\vc140.pdb" /Gd /TP /analyze- /errorReport:prompt DynamicNeuralNet.cpp Edge.cpp Perceptron.cpp oonet.cpp
         Perceptron.cpp
         Generating Code...
         Skipping... (no relevant changes detected)
         oonet.cpp
         Edge.cpp
         DynamicNeuralNet.cpp
       Link:
         C:\Program Files (x86)\Microsoft Visual Studio 14.0\VC\bin\link.exe /ERRORREPORT:PROMPT /OUT:"C:\HAXLOL\RoboticArmTester\oonet\Debug\oonet.exe" /INCREMENTAL /NOLOGO kernel32.lib user32.lib gdi32.lib winspool.lib comdlg32.lib advapi32.lib shell32.lib ole32.lib oleaut32.lib uuid.lib odbc32.lib odbccp32.lib /MANIFEST /MANIFESTUAC:"level='asInvoker' uiAccess='false'" /manifest:embed /Debug /PDB:"C:\HAXLOL\RoboticArmTester\oonet\Debug\oonet.pdb" /SUBSYSTEM:CONSOLE /TLBID:1 /DYNAMICBASE /NXCOMPAT /IMPLIB:"C:\HAXLOL\RoboticArmTester\oonet\Debug\oonet.lib" /MACHINE:X86 Debug\DynamicNeuralNet.obj
         Debug\oonet.obj
         Debug\Perceptron.obj
         Debug\stdafx.obj
         Debug\Edge.obj
         oonet.vcxproj -> C:\HAXLOL\RoboticArmTester\oonet\Debug\oonet.exe
     1>Done Building Project "C:\HAXLOL\RoboticArmTester\oonet\oonet\oonet.vcxproj" (Build target(s)).

Build succeeded.

Time Elapsed 00:00:00.78
